<?xml version="1.0" encoding="UTF-8"?>
<!-- Generated by org.testng.reporters.JUnitXMLReporter -->
<testsuite hostname="Deepak-PC" name="AtlasUIAutomationTests" tests="18" failures="0" timestamp="1 Mar 2016 08:26:33 GMT" time="181.406" errors="0">
  <testcase name="validateAboutLink" time="20.562" classname="org.apache.atlas.seleniumtests.HomePageTest"/>
  <testcase name="validateHelpLink" time="22.092" classname="org.apache.atlas.seleniumtests.HomePageTest"/>
  <testcase name="validateLogoVisible" time="0.023" classname="org.apache.atlas.seleniumtests.HomePageTest"/>
  <testcase name="validateMenuLinks" time="0.043" classname="org.apache.atlas.seleniumtests.HomePageTest"/>
  <testcase name="invalidSearchResult" time="15.62" classname="org.apache.atlas.seleniumtests.SearchPageTest"/>
  <testcase name="testPageElementsFromSearchPage" time="3.238" classname="org.apache.atlas.seleniumtests.SearchPageTest"/>
  <testcase name="validatNoOfeSelectOptions" time="0.062" classname="org.apache.atlas.seleniumtests.SearchPageTest"/>
  <testcase name="validateFunctionalTestTag" time="42.273" classname="org.apache.atlas.seleniumtests.SearchPageTest"/>
  <testcase name="validateSearchFunctionalty" time="15.351" classname="org.apache.atlas.seleniumtests.SearchPageTest"/>
  <testcase name="validateSearchResultCount" time="15.651" classname="org.apache.atlas.seleniumtests.SearchPageTest"/>
  <testcase name="validateTableHeaders" time="0.068" classname="org.apache.atlas.seleniumtests.SearchPageTest"/>
  <testcase name="validateTagInSearchResult" time="18.773" classname="org.apache.atlas.seleniumtests.SearchPageTest"/>
  <testcase name="validateTagSearchFunctionality" time="1.637" classname="org.apache.atlas.seleniumtests.SearchPageTest"/>
  <testcase name="validateTagSearchInSearchPage" time="0.016" classname="org.apache.atlas.seleniumtests.SearchPageTest"/>
  <testcase name="validateTagSearchResult" time="0.315" classname="org.apache.atlas.seleniumtests.SearchPageTest"/>
  <testcase name="validateTagSectionInSearchPage" time="0.012" classname="org.apache.atlas.seleniumtests.SearchPageTest"/>
  <testcase name="validate_TextAndDSL_availability" time="0.016" classname="org.apache.atlas.seleniumtests.SearchPageTest"/>
  <testcase name="validateselectOptions" time="4.282" classname="org.apache.atlas.seleniumtests.SearchPageTest"/>
</testsuite> <!-- AtlasUIAutomationTests -->
